<?xml version="1.0" encoding="UTF-8"?>
<!-- Generated by org.testng.reporters.JUnitXMLReporter -->
<testsuite hostname="DESKTOP-PS73NNS" name="chromeTest" tests="3" failures="0" timestamp="25 Dec 2019 09:44:41 GMT" time="65.549" errors="0">
  <testcase name="Sign_On" time="27.239" classname="com.mercury.tours.CrossBrowserExample"/>
  <testcase name="Sign_On" time="15.46" classname="com.mercury.tours.CrossBrowserExample"/>
  <testcase name="Sign_On" time="16.316" classname="com.mercury.tours.CrossBrowserExample"/>
</testsuite> <!-- chromeTest -->
