<?xml version="1.0" encoding="UTF-8"?>
<!-- Generated by org.testng.reporters.JUnitXMLReporter -->
<testsuite hostname="DESKTOP-PS73NNS" name="InternetExplorer" tests="1" failures="0" timestamp="25 Dec 2019 09:28:06 GMT" time="0.065" errors="0">
  <testcase name="@BeforeTest setup" time="0.0" classname="com.mercury.tours.CrossBrowserExample">
    <failure type="java.lang.NullPointerException">
      <![CDATA[java.lang.NullPointerException
	at com.mercury.tours.CrossBrowserExample.setup(CrossBrowserExample.java:36)
... Removed 23 stack frames]]>
    </failure>
  </testcase> <!-- @BeforeTest setup -->
  <testcase name="@AfterTest afterTest" time="0.0" classname="com.mercury.tours.CrossBrowserExample">
    <skipped/>
  </testcase> <!-- @AfterTest afterTest -->
  <testcase name="f" time="0.002" classname="com.mercury.tours.CrossBrowserExample">
    <skipped/>
  </testcase> <!-- f -->
</testsuite> <!-- InternetExplorer -->
