<?xml version="1.0" encoding="UTF-8"?>
<!-- Generated by org.testng.reporters.JUnitXMLReporter -->
<testsuite hostname="DESKTOP-PS73NNS" name="Test" tests="4" failures="0" timestamp="25 Dec 2019 11:00:35 GMT" time="96.903" errors="0">
  <testcase name="f" time="0.007" classname="com.mercury.tours.BatchExcecution_smoke"/>
  <testcase name="Sign_On_DragAndDrop" time="4.313" classname="com.mercury.tours.Mercury_Sign_On_ActionClass_DragAndDrop"/>
  <testcase name="Sign_On" time="18.481" classname="com.mercury.tours.Mercury_Sign_On_getText2_DropDown_Example"/>
  <testcase name="navigateToallLinks" time="47.758" classname="com.mercury.tours.Mercury_Sign_On_navigatealllinks"/>
</testsuite> <!-- Test -->
